0 info it worked if it ends with ok
1 verbose cli [ 'C:\\Program Files\\nodejs\\node.exe',
1 verbose cli   'C:\\Program Files\\nodejs\\node_modules\\npm\\bin\\npm-cli.js',
1 verbose cli   'install',
1 verbose cli   'angular-translate-storage-local' ]
2 info using npm@2.14.12
3 info using node@v4.2.6
4 verbose install initial load of D:\Ionic\MisNotas\package.json
5 warn package.json misnotas@1.1.1 No repository field.
6 warn package.json misnotas@1.1.1 No license field.
7 verbose installManyTop reading scoped package data from D:\Ionic\MisNotas\node_modules\angular-translate\package.json
8 verbose installManyTop reading scoped package data from D:\Ionic\MisNotas\node_modules\bower\package.json
9 verbose installManyTop reading scoped package data from D:\Ionic\MisNotas\node_modules\gulp\package.json
10 verbose installManyTop reading scoped package data from D:\Ionic\MisNotas\node_modules\gulp-concat\package.json
11 verbose installManyTop reading scoped package data from D:\Ionic\MisNotas\node_modules\gulp-minify-css\package.json
12 verbose installManyTop reading scoped package data from D:\Ionic\MisNotas\node_modules\gulp-rename\package.json
13 verbose installManyTop reading scoped package data from D:\Ionic\MisNotas\node_modules\gulp-sass\package.json
14 verbose installManyTop reading scoped package data from D:\Ionic\MisNotas\node_modules\gulp-util\package.json
15 verbose installManyTop reading scoped package data from D:\Ionic\MisNotas\node_modules\ng-storage\package.json
16 verbose installManyTop reading scoped package data from D:\Ionic\MisNotas\node_modules\shelljs\package.json
17 info package.json gulp-rename@1.2.2 No license field.
18 info package.json gulp-util@2.2.20 No license field.
19 info package.json gulp-minify-css@0.3.13 No license field.
20 info package.json shelljs@0.3.0 license should be a valid SPDX license expression
21 verbose readDependencies loading dependencies from D:\Ionic\MisNotas\package.json
22 silly cache add args [ 'angular-translate-storage-local', null ]
23 verbose cache add spec angular-translate-storage-local
24 silly cache add parsed spec Result {
24 silly cache add   raw: 'angular-translate-storage-local',
24 silly cache add   scope: null,
24 silly cache add   name: 'angular-translate-storage-local',
24 silly cache add   rawSpec: '',
24 silly cache add   spec: 'latest',
24 silly cache add   type: 'tag' }
25 silly addNamed angular-translate-storage-local@latest
26 verbose addNamed "latest" is being treated as a dist-tag for angular-translate-storage-local
27 info addNameTag [ 'angular-translate-storage-local', 'latest' ]
28 silly mapToRegistry name angular-translate-storage-local
29 silly mapToRegistry using default registry
30 silly mapToRegistry registry https://registry.npmjs.org/
31 silly mapToRegistry uri https://registry.npmjs.org/angular-translate-storage-local
32 verbose addNameTag registry:https://registry.npmjs.org/angular-translate-storage-local not in flight; fetching
33 verbose request uri https://registry.npmjs.org/angular-translate-storage-local
34 verbose request no auth needed
35 info attempt registry request try #1 at 11:30:20
36 verbose request id 3eb19181514aa64f
37 http request GET https://registry.npmjs.org/angular-translate-storage-local
38 http 200 https://registry.npmjs.org/angular-translate-storage-local
39 verbose headers { server: 'nginx/1.10.1',
39 verbose headers   'content-type': 'application/json',
39 verbose headers   'last-modified': 'Sat, 04 Mar 2017 21:20:41 GMT',
39 verbose headers   etag: 'W/"58bb2fa9-66d7"',
39 verbose headers   'content-encoding': 'gzip',
39 verbose headers   'cache-control': 'max-age=300',
39 verbose headers   'content-length': '3117',
39 verbose headers   'accept-ranges': 'bytes',
39 verbose headers   date: 'Tue, 20 Jun 2017 09:29:26 GMT',
39 verbose headers   via: '1.1 varnish',
39 verbose headers   age: '0',
39 verbose headers   connection: 'keep-alive',
39 verbose headers   'x-served-by': 'cache-lhr6329-LHR',
39 verbose headers   'x-cache': 'HIT',
39 verbose headers   'x-cache-hits': '1',
39 verbose headers   'x-timer': 'S1497950966.097023,VS0,VE17',
39 verbose headers   vary: 'Accept-Encoding' }
40 silly get cb [ 200,
40 silly get   { server: 'nginx/1.10.1',
40 silly get     'content-type': 'application/json',
40 silly get     'last-modified': 'Sat, 04 Mar 2017 21:20:41 GMT',
40 silly get     etag: 'W/"58bb2fa9-66d7"',
40 silly get     'content-encoding': 'gzip',
40 silly get     'cache-control': 'max-age=300',
40 silly get     'content-length': '3117',
40 silly get     'accept-ranges': 'bytes',
40 silly get     date: 'Tue, 20 Jun 2017 09:29:26 GMT',
40 silly get     via: '1.1 varnish',
40 silly get     age: '0',
40 silly get     connection: 'keep-alive',
40 silly get     'x-served-by': 'cache-lhr6329-LHR',
40 silly get     'x-cache': 'HIT',
40 silly get     'x-cache-hits': '1',
40 silly get     'x-timer': 'S1497950966.097023,VS0,VE17',
40 silly get     vary: 'Accept-Encoding' } ]
41 verbose get saving angular-translate-storage-local to d:\Profiles\jmcuartas\AppData\Roaming\npm-cache\registry.npmjs.org\angular-translate-storage-local\.cache.json
42 silly addNameTag next cb for angular-translate-storage-local with tag latest
43 silly addNamed angular-translate-storage-local@2.15.1
44 verbose addNamed "2.15.1" is a plain semver version for angular-translate-storage-local
45 silly mapToRegistry name angular-translate-storage-local
46 silly mapToRegistry using default registry
47 silly mapToRegistry registry https://registry.npmjs.org/
48 silly mapToRegistry uri https://registry.npmjs.org/angular-translate-storage-local
49 verbose addRemoteTarball https://registry.npmjs.org/angular-translate-storage-local/-/angular-translate-storage-local-2.15.1.tgz not in flight; adding
50 verbose addRemoteTarball [ 'https://registry.npmjs.org/angular-translate-storage-local/-/angular-translate-storage-local-2.15.1.tgz',
50 verbose addRemoteTarball   '077573b6a12f7afb7001c7a9035041793685d7a7' ]
51 info retry fetch attempt 1 at 11:30:21
52 info attempt registry request try #1 at 11:30:21
53 http fetch GET https://registry.npmjs.org/angular-translate-storage-local/-/angular-translate-storage-local-2.15.1.tgz
54 http fetch 200 https://registry.npmjs.org/angular-translate-storage-local/-/angular-translate-storage-local-2.15.1.tgz
55 silly fetchAndShaCheck shasum 077573b6a12f7afb7001c7a9035041793685d7a7
56 verbose addTmpTarball d:\Profiles\JMCUAR~1\AppData\Local\Temp\npm-9656-63d8012f\registry.npmjs.org\angular-translate-storage-local\-\angular-translate-storage-local-2.15.1.tgz not in flight; adding
57 verbose addTmpTarball already have metadata; skipping unpack for angular-translate-storage-local@2.15.1
58 silly cache afterAdd angular-translate-storage-local@2.15.1
59 verbose afterAdd d:\Profiles\jmcuartas\AppData\Roaming\npm-cache\angular-translate-storage-local\2.15.1\package\package.json not in flight; writing
60 verbose afterAdd d:\Profiles\jmcuartas\AppData\Roaming\npm-cache\angular-translate-storage-local\2.15.1\package\package.json written
61 silly install resolved [ { name: 'angular-translate-storage-local',
61 silly install resolved     version: '2.15.1',
61 silly install resolved     description: 'Abstraction layer for localStorage. This service is used when telling angular-translate to use localStorage as storage.',
61 silly install resolved     main: 'angular-translate-storage-local.js',
61 silly install resolved     repository:
61 silly install resolved      { type: 'git',
61 silly install resolved        url: 'git+https://github.com/angular-translate/bower-angular-translate-storage-local.git' },
61 silly install resolved     keywords: [ 'angular', 'translate', 'storage', 'localStorage' ],
61 silly install resolved     author: { name: 'Pascal Precht' },
61 silly install resolved     license: 'MIT',
61 silly install resolved     bugs: { url: 'https://github.com/angular-translate/angular-translate/issues' },
61 silly install resolved     homepage: 'https://angular-translate.github.io',
61 silly install resolved     dependencies:
61 silly install resolved      { 'angular-translate': '~2.15.1',
61 silly install resolved        'angular-translate-storage-cookie': '~2.15.1' },
61 silly install resolved     gitHead: '7b95e6498484a4908201adeb707482fc3629020e',
61 silly install resolved     _id: 'angular-translate-storage-local@2.15.1',
61 silly install resolved     scripts: {},
61 silly install resolved     _shasum: '077573b6a12f7afb7001c7a9035041793685d7a7',
61 silly install resolved     _from: 'angular-translate-storage-local@latest',
61 silly install resolved     _npmVersion: '3.10.8',
61 silly install resolved     _nodeVersion: '6.9.1',
61 silly install resolved     _npmUser: { name: 'knalli', email: 'knallisworld@googlemail.com' },
61 silly install resolved     maintainers: [ [Object], [Object] ],
61 silly install resolved     dist:
61 silly install resolved      { shasum: '077573b6a12f7afb7001c7a9035041793685d7a7',
61 silly install resolved        tarball: 'https://registry.npmjs.org/angular-translate-storage-local/-/angular-translate-storage-local-2.15.1.tgz' },
61 silly install resolved     _npmOperationalInternal:
61 silly install resolved      { host: 'packages-12-west.internal.npmjs.com',
61 silly install resolved        tmp: 'tmp/angular-translate-storage-local-2.15.1.tgz_1488662439801_0.44123562215827405' },
61 silly install resolved     directories: {},
61 silly install resolved     _resolved: 'https://registry.npmjs.org/angular-translate-storage-local/-/angular-translate-storage-local-2.15.1.tgz' } ]
62 info install angular-translate-storage-local@2.15.1 into D:\Ionic\MisNotas
63 info installOne angular-translate-storage-local@2.15.1
64 verbose installOne of angular-translate-storage-local to D:\Ionic\MisNotas not in flight; installing
65 verbose lock using d:\Profiles\jmcuartas\AppData\Roaming\npm-cache\_locks\angular-translate-storag-6ba29cccb3a55606.lock for D:\Ionic\MisNotas\node_modules\angular-translate-storage-local
66 silly install write writing angular-translate-storage-local 2.15.1 to D:\Ionic\MisNotas\node_modules\angular-translate-storage-local
67 verbose unbuild node_modules\angular-translate-storage-local
68 silly gentlyRm D:\Ionic\MisNotas\node_modules\angular-translate-storage-local is being purged from base D:\Ionic\MisNotas
69 verbose gentlyRm don't care about contents; nuking D:\Ionic\MisNotas\node_modules\angular-translate-storage-local
70 verbose tar unpack d:\Profiles\jmcuartas\AppData\Roaming\npm-cache\angular-translate-storage-local\2.15.1\package.tgz
71 verbose tar unpacking to D:\Ionic\MisNotas\node_modules\angular-translate-storage-local
72 silly gentlyRm D:\Ionic\MisNotas\node_modules\angular-translate-storage-local is being purged
73 verbose gentlyRm don't care about contents; nuking D:\Ionic\MisNotas\node_modules\angular-translate-storage-local
74 silly gunzTarPerm modes [ '777', '666' ]
75 silly gunzTarPerm extractEntry package.json
76 silly gunzTarPerm modified mode [ 'package.json', 420, 438 ]
77 silly gunzTarPerm extractEntry README.md
78 silly gunzTarPerm modified mode [ 'README.md', 420, 438 ]
79 silly gunzTarPerm extractEntry angular-translate-storage-local.js
80 silly gunzTarPerm modified mode [ 'angular-translate-storage-local.js', 420, 438 ]
81 silly gunzTarPerm extractEntry angular-translate-storage-local.min.js
82 silly gunzTarPerm modified mode [ 'angular-translate-storage-local.min.js', 420, 438 ]
83 silly gunzTarPerm extractEntry bower.json
84 silly gunzTarPerm modified mode [ 'bower.json', 420, 438 ]
85 verbose write writing to D:\Ionic\MisNotas\node_modules\angular-translate-storage-local\package.json
86 info preinstall angular-translate-storage-local@2.15.1
87 verbose readDependencies loading dependencies from D:\Ionic\MisNotas\node_modules\angular-translate-storage-local\package.json
88 silly prepareForInstallMany adding angular-translate-storage-cookie@~2.15.1 from angular-translate-storage-local dependencies
89 verbose readDependencies loading dependencies from D:\Ionic\MisNotas\node_modules\angular-translate-storage-local\package.json
90 silly cache add args [ 'angular-translate-storage-cookie@~2.15.1', null ]
91 verbose cache add spec angular-translate-storage-cookie@~2.15.1
92 silly cache add parsed spec Result {
92 silly cache add   raw: 'angular-translate-storage-cookie@~2.15.1',
92 silly cache add   scope: null,
92 silly cache add   name: 'angular-translate-storage-cookie',
92 silly cache add   rawSpec: '~2.15.1',
92 silly cache add   spec: '>=2.15.1 <2.16.0',
92 silly cache add   type: 'range' }
93 silly addNamed angular-translate-storage-cookie@>=2.15.1 <2.16.0
94 verbose addNamed ">=2.15.1 <2.16.0" is a valid semver range for angular-translate-storage-cookie
95 silly addNameRange { name: 'angular-translate-storage-cookie',
95 silly addNameRange   range: '>=2.15.1 <2.16.0',
95 silly addNameRange   hasData: false }
96 silly mapToRegistry name angular-translate-storage-cookie
97 silly mapToRegistry using default registry
98 silly mapToRegistry registry https://registry.npmjs.org/
99 silly mapToRegistry uri https://registry.npmjs.org/angular-translate-storage-cookie
100 verbose addNameRange registry:https://registry.npmjs.org/angular-translate-storage-cookie not in flight; fetching
101 verbose request uri https://registry.npmjs.org/angular-translate-storage-cookie
102 verbose request no auth needed
103 info attempt registry request try #1 at 11:30:21
104 http request GET https://registry.npmjs.org/angular-translate-storage-cookie
105 http 200 https://registry.npmjs.org/angular-translate-storage-cookie
106 verbose headers { server: 'nginx/1.10.1',
106 verbose headers   'content-type': 'application/json',
106 verbose headers   'last-modified': 'Sat, 04 Mar 2017 21:20:37 GMT',
106 verbose headers   etag: 'W/"58bb2fa5-6645"',
106 verbose headers   'content-encoding': 'gzip',
106 verbose headers   'cache-control': 'max-age=300',
106 verbose headers   'content-length': '3091',
106 verbose headers   'accept-ranges': 'bytes',
106 verbose headers   date: 'Tue, 20 Jun 2017 09:29:26 GMT',
106 verbose headers   via: '1.1 varnish',
106 verbose headers   age: '0',
106 verbose headers   connection: 'keep-alive',
106 verbose headers   'x-served-by': 'cache-lhr6327-LHR',
106 verbose headers   'x-cache': 'HIT',
106 verbose headers   'x-cache-hits': '1',
106 verbose headers   'x-timer': 'S1497950967.502533,VS0,VE18',
106 verbose headers   vary: 'Accept-Encoding' }
107 silly get cb [ 200,
107 silly get   { server: 'nginx/1.10.1',
107 silly get     'content-type': 'application/json',
107 silly get     'last-modified': 'Sat, 04 Mar 2017 21:20:37 GMT',
107 silly get     etag: 'W/"58bb2fa5-6645"',
107 silly get     'content-encoding': 'gzip',
107 silly get     'cache-control': 'max-age=300',
107 silly get     'content-length': '3091',
107 silly get     'accept-ranges': 'bytes',
107 silly get     date: 'Tue, 20 Jun 2017 09:29:26 GMT',
107 silly get     via: '1.1 varnish',
107 silly get     age: '0',
107 silly get     connection: 'keep-alive',
107 silly get     'x-served-by': 'cache-lhr6327-LHR',
107 silly get     'x-cache': 'HIT',
107 silly get     'x-cache-hits': '1',
107 silly get     'x-timer': 'S1497950967.502533,VS0,VE18',
107 silly get     vary: 'Accept-Encoding' } ]
108 verbose get saving angular-translate-storage-cookie to d:\Profiles\jmcuartas\AppData\Roaming\npm-cache\registry.npmjs.org\angular-translate-storage-cookie\.cache.json
109 silly addNameRange number 2 { name: 'angular-translate-storage-cookie',
109 silly addNameRange   range: '>=2.15.1 <2.16.0',
109 silly addNameRange   hasData: true }
110 silly addNameRange versions [ 'angular-translate-storage-cookie',
110 silly addNameRange   [ '2.7.0',
110 silly addNameRange     '2.7.2',
110 silly addNameRange     '2.8.0',
110 silly addNameRange     '2.8.1',
110 silly addNameRange     '2.9.0',
110 silly addNameRange     '2.9.1',
110 silly addNameRange     '2.9.2',
110 silly addNameRange     '2.10.0',
110 silly addNameRange     '2.11.0',
110 silly addNameRange     '2.11.1',
110 silly addNameRange     '2.12.0',
110 silly addNameRange     '2.12.1',
110 silly addNameRange     '2.13.0',
110 silly addNameRange     '2.13.1',
110 silly addNameRange     '2.14.0',
110 silly addNameRange     '2.15.0',
110 silly addNameRange     '2.15.1' ] ]
111 silly addNamed angular-translate-storage-cookie@2.15.1
112 verbose addNamed "2.15.1" is a plain semver version for angular-translate-storage-cookie
113 silly mapToRegistry name angular-translate-storage-cookie
114 silly mapToRegistry using default registry
115 silly mapToRegistry registry https://registry.npmjs.org/
116 silly mapToRegistry uri https://registry.npmjs.org/angular-translate-storage-cookie
117 verbose addRemoteTarball https://registry.npmjs.org/angular-translate-storage-cookie/-/angular-translate-storage-cookie-2.15.1.tgz not in flight; adding
118 verbose addRemoteTarball [ 'https://registry.npmjs.org/angular-translate-storage-cookie/-/angular-translate-storage-cookie-2.15.1.tgz',
118 verbose addRemoteTarball   '2a29d1f38fa5079f139a8cac111fc9df6a4ca1d9' ]
119 info retry fetch attempt 1 at 11:30:21
120 info attempt registry request try #1 at 11:30:21
121 http fetch GET https://registry.npmjs.org/angular-translate-storage-cookie/-/angular-translate-storage-cookie-2.15.1.tgz
122 http fetch 200 https://registry.npmjs.org/angular-translate-storage-cookie/-/angular-translate-storage-cookie-2.15.1.tgz
123 silly fetchAndShaCheck shasum 2a29d1f38fa5079f139a8cac111fc9df6a4ca1d9
124 verbose addTmpTarball d:\Profiles\JMCUAR~1\AppData\Local\Temp\npm-9656-63d8012f\registry.npmjs.org\angular-translate-storage-cookie\-\angular-translate-storage-cookie-2.15.1.tgz not in flight; adding
125 verbose addTmpTarball already have metadata; skipping unpack for angular-translate-storage-cookie@2.15.1
126 silly cache afterAdd angular-translate-storage-cookie@2.15.1
127 verbose afterAdd d:\Profiles\jmcuartas\AppData\Roaming\npm-cache\angular-translate-storage-cookie\2.15.1\package\package.json not in flight; writing
128 verbose afterAdd d:\Profiles\jmcuartas\AppData\Roaming\npm-cache\angular-translate-storage-cookie\2.15.1\package\package.json written
129 silly install resolved [ { name: 'angular-translate-storage-cookie',
129 silly install resolved     version: '2.15.1',
129 silly install resolved     description: 'Abstraction layer for cookieStore. This service is used when telling angular-translate to use cookieStore as storage.',
129 silly install resolved     main: 'angular-translate-storage-cookie.js',
129 silly install resolved     repository:
129 silly install resolved      { type: 'git',
129 silly install resolved        url: 'git+https://github.com/angular-translate/bower-angular-translate-storage-cookie.git' },
129 silly install resolved     keywords: [ 'angular', 'translate', 'storage', 'cookies' ],
129 silly install resolved     author: { name: 'Pascal Precht' },
129 silly install resolved     license: 'MIT',
129 silly install resolved     bugs: { url: 'https://github.com/angular-translate/angular-translate/issues' },
129 silly install resolved     homepage: 'https://angular-translate.github.io',
129 silly install resolved     dependencies:
129 silly install resolved      { 'angular-translate': '~2.15.1',
129 silly install resolved        'angular-cookies': '>=1.2.26 <1.7' },
129 silly install resolved     gitHead: '5de633d02cebe6d1f24c3514b484bd92adec52d1',
129 silly install resolved     _id: 'angular-translate-storage-cookie@2.15.1',
129 silly install resolved     scripts: {},
129 silly install resolved     _shasum: '2a29d1f38fa5079f139a8cac111fc9df6a4ca1d9',
129 silly install resolved     _from: 'angular-translate-storage-cookie@>=2.15.1 <2.16.0',
129 silly install resolved     _npmVersion: '3.10.8',
129 silly install resolved     _nodeVersion: '6.9.1',
129 silly install resolved     _npmUser: { name: 'knalli', email: 'knallisworld@googlemail.com' },
129 silly install resolved     maintainers: [ [Object], [Object] ],
129 silly install resolved     dist:
129 silly install resolved      { shasum: '2a29d1f38fa5079f139a8cac111fc9df6a4ca1d9',
129 silly install resolved        tarball: 'https://registry.npmjs.org/angular-translate-storage-cookie/-/angular-translate-storage-cookie-2.15.1.tgz' },
129 silly install resolved     _npmOperationalInternal:
129 silly install resolved      { host: 'packages-12-west.internal.npmjs.com',
129 silly install resolved        tmp: 'tmp/angular-translate-storage-cookie-2.15.1.tgz_1488662435678_0.13279114966280758' },
129 silly install resolved     directories: {},
129 silly install resolved     _resolved: 'https://registry.npmjs.org/angular-translate-storage-cookie/-/angular-translate-storage-cookie-2.15.1.tgz' } ]
130 info install angular-translate-storage-cookie@2.15.1 into D:\Ionic\MisNotas\node_modules\angular-translate-storage-local
131 info installOne angular-translate-storage-cookie@2.15.1
132 verbose installOne of angular-translate-storage-cookie to D:\Ionic\MisNotas\node_modules\angular-translate-storage-local not in flight; installing
133 verbose lock using d:\Profiles\jmcuartas\AppData\Roaming\npm-cache\_locks\angular-translate-storag-72914d65c8ae99f6.lock for D:\Ionic\MisNotas\node_modules\angular-translate-storage-local\node_modules\angular-translate-storage-cookie
134 silly install write writing angular-translate-storage-cookie 2.15.1 to D:\Ionic\MisNotas\node_modules\angular-translate-storage-local\node_modules\angular-translate-storage-cookie
135 verbose unbuild node_modules\angular-translate-storage-local\node_modules\angular-translate-storage-cookie
136 silly gentlyRm D:\Ionic\MisNotas\node_modules\angular-translate-storage-local\node_modules\angular-translate-storage-cookie is being purged from base D:\Ionic\MisNotas
137 verbose gentlyRm don't care about contents; nuking D:\Ionic\MisNotas\node_modules\angular-translate-storage-local\node_modules\angular-translate-storage-cookie
138 verbose tar unpack d:\Profiles\jmcuartas\AppData\Roaming\npm-cache\angular-translate-storage-cookie\2.15.1\package.tgz
139 verbose tar unpacking to D:\Ionic\MisNotas\node_modules\angular-translate-storage-local\node_modules\angular-translate-storage-cookie
140 silly gentlyRm D:\Ionic\MisNotas\node_modules\angular-translate-storage-local\node_modules\angular-translate-storage-cookie is being purged
141 verbose gentlyRm don't care about contents; nuking D:\Ionic\MisNotas\node_modules\angular-translate-storage-local\node_modules\angular-translate-storage-cookie
142 silly gunzTarPerm modes [ '777', '666' ]
143 silly gunzTarPerm extractEntry package.json
144 silly gunzTarPerm modified mode [ 'package.json', 420, 438 ]
145 silly gunzTarPerm extractEntry README.md
146 silly gunzTarPerm modified mode [ 'README.md', 420, 438 ]
147 silly gunzTarPerm extractEntry angular-translate-storage-cookie.js
148 silly gunzTarPerm modified mode [ 'angular-translate-storage-cookie.js', 420, 438 ]
149 silly gunzTarPerm extractEntry angular-translate-storage-cookie.min.js
150 silly gunzTarPerm modified mode [ 'angular-translate-storage-cookie.min.js', 420, 438 ]
151 silly gunzTarPerm extractEntry bower.json
152 silly gunzTarPerm modified mode [ 'bower.json', 420, 438 ]
153 verbose write writing to D:\Ionic\MisNotas\node_modules\angular-translate-storage-local\node_modules\angular-translate-storage-cookie\package.json
154 info preinstall angular-translate-storage-cookie@2.15.1
155 verbose readDependencies loading dependencies from D:\Ionic\MisNotas\node_modules\angular-translate-storage-local\node_modules\angular-translate-storage-cookie\package.json
156 silly prepareForInstallMany adding angular-cookies@>=1.2.26 <1.7 from angular-translate-storage-cookie dependencies
157 verbose readDependencies loading dependencies from D:\Ionic\MisNotas\node_modules\angular-translate-storage-local\node_modules\angular-translate-storage-cookie\package.json
158 silly cache add args [ 'angular-cookies@>=1.2.26 <1.7', null ]
159 verbose cache add spec angular-cookies@>=1.2.26 <1.7
160 silly cache add parsed spec Result {
160 silly cache add   raw: 'angular-cookies@>=1.2.26 <1.7',
160 silly cache add   scope: null,
160 silly cache add   name: 'angular-cookies',
160 silly cache add   rawSpec: '>=1.2.26 <1.7',
160 silly cache add   spec: '>=1.2.26 <1.7.0',
160 silly cache add   type: 'range' }
161 silly addNamed angular-cookies@>=1.2.26 <1.7.0
162 verbose addNamed ">=1.2.26 <1.7.0" is a valid semver range for angular-cookies
163 silly addNameRange { name: 'angular-cookies',
163 silly addNameRange   range: '>=1.2.26 <1.7.0',
163 silly addNameRange   hasData: false }
164 silly mapToRegistry name angular-cookies
165 silly mapToRegistry using default registry
166 silly mapToRegistry registry https://registry.npmjs.org/
167 silly mapToRegistry uri https://registry.npmjs.org/angular-cookies
168 verbose addNameRange registry:https://registry.npmjs.org/angular-cookies not in flight; fetching
169 verbose request uri https://registry.npmjs.org/angular-cookies
170 verbose request no auth needed
171 info attempt registry request try #1 at 11:30:22
172 http request GET https://registry.npmjs.org/angular-cookies
173 http 200 https://registry.npmjs.org/angular-cookies
174 verbose headers { server: 'nginx/1.10.1',
174 verbose headers   'content-type': 'application/json',
174 verbose headers   'last-modified': 'Fri, 07 Apr 2017 14:43:29 GMT',
174 verbose headers   etag: 'W/"58e7a591-1c59d"',
174 verbose headers   'content-encoding': 'gzip',
174 verbose headers   'cache-control': 'max-age=300',
174 verbose headers   'content-length': '12135',
174 verbose headers   'accept-ranges': 'bytes',
174 verbose headers   date: 'Tue, 20 Jun 2017 09:29:26 GMT',
174 verbose headers   via: '1.1 varnish',
174 verbose headers   age: '268',
174 verbose headers   connection: 'keep-alive',
174 verbose headers   'x-served-by': 'cache-lhr6323-LHR',
174 verbose headers   'x-cache': 'HIT',
174 verbose headers   'x-cache-hits': '1',
174 verbose headers   'x-timer': 'S1497950967.873225,VS0,VE0',
174 verbose headers   vary: 'Accept-Encoding' }
175 silly get cb [ 200,
175 silly get   { server: 'nginx/1.10.1',
175 silly get     'content-type': 'application/json',
175 silly get     'last-modified': 'Fri, 07 Apr 2017 14:43:29 GMT',
175 silly get     etag: 'W/"58e7a591-1c59d"',
175 silly get     'content-encoding': 'gzip',
175 silly get     'cache-control': 'max-age=300',
175 silly get     'content-length': '12135',
175 silly get     'accept-ranges': 'bytes',
175 silly get     date: 'Tue, 20 Jun 2017 09:29:26 GMT',
175 silly get     via: '1.1 varnish',
175 silly get     age: '268',
175 silly get     connection: 'keep-alive',
175 silly get     'x-served-by': 'cache-lhr6323-LHR',
175 silly get     'x-cache': 'HIT',
175 silly get     'x-cache-hits': '1',
175 silly get     'x-timer': 'S1497950967.873225,VS0,VE0',
175 silly get     vary: 'Accept-Encoding' } ]
176 verbose get saving angular-cookies to d:\Profiles\jmcuartas\AppData\Roaming\npm-cache\registry.npmjs.org\angular-cookies\.cache.json
177 silly addNameRange number 2 { name: 'angular-cookies',
177 silly addNameRange   range: '>=1.2.26 <1.7.0',
177 silly addNameRange   hasData: true }
178 silly addNameRange versions [ 'angular-cookies',
178 silly addNameRange   [ '1.2.20',
178 silly addNameRange     '1.2.0',
178 silly addNameRange     '1.2.1',
178 silly addNameRange     '1.2.2',
178 silly addNameRange     '1.2.3',
178 silly addNameRange     '1.2.4',
178 silly addNameRange     '1.2.5',
178 silly addNameRange     '1.2.6',
178 silly addNameRange     '1.2.7',
178 silly addNameRange     '1.2.8',
178 silly addNameRange     '1.2.9',
178 silly addNameRange     '1.2.10',
178 silly addNameRange     '1.2.11',
178 silly addNameRange     '1.2.12',
178 silly addNameRange     '1.2.13',
178 silly addNameRange     '1.2.14',
178 silly addNameRange     '1.2.15',
178 silly addNameRange     '1.2.16',
178 silly addNameRange     '1.2.17',
178 silly addNameRange     '1.2.18',
178 silly addNameRange     '1.2.19',
178 silly addNameRange     '1.3.0-rc.5',
178 silly addNameRange     '1.3.0',
178 silly addNameRange     '1.3.1',
178 silly addNameRange     '1.3.2',
178 silly addNameRange     '1.3.3',
178 silly addNameRange     '1.3.4-build.3588',
178 silly addNameRange     '1.2.27',
178 silly addNameRange     '1.3.4',
178 silly addNameRange     '1.3.5',
178 silly addNameRange     '1.3.6',
178 silly addNameRange     '1.3.7',
178 silly addNameRange     '1.2.28',
178 silly addNameRange     '1.3.8',
178 silly addNameRange     '1.4.0-beta.0',
178 silly addNameRange     '1.3.9',
178 silly addNameRange     '1.3.10',
178 silly addNameRange     '1.4.0-beta.1',
178 silly addNameRange     '1.4.0-beta.2',
178 silly addNameRange     '1.3.11',
178 silly addNameRange     '1.4.0-beta.3',
178 silly addNameRange     '1.3.12',
178 silly addNameRange     '1.3.13',
178 silly addNameRange     '1.4.0-beta.4',
178 silly addNameRange     '1.3.14',
178 silly addNameRange     '1.4.0-beta.5',
178 silly addNameRange     '1.4.0-beta.6',
178 silly addNameRange     '1.3.15',
178 silly addNameRange     '1.4.0-rc.0',
178 silly addNameRange     '1.4.0-rc.1',
178 silly addNameRange     '1.4.0-rc.2',
178 silly addNameRange     '1.4.0',
178 silly addNameRange     '1.3.16',
178 silly addNameRange     '1.4.1',
178 silly addNameRange     '1.4.2',
178 silly addNameRange     '1.3.17',
178 silly addNameRange     '1.4.3',
178 silly addNameRange     '1.4.4',
178 silly addNameRange     '1.3.18',
178 silly addNameRange     '1.4.5',
178 silly addNameRange     '1.3.19',
178 silly addNameRange     '1.4.6',
178 silly addNameRange     '1.5.0-beta.0',
178 silly addNameRange     '1.2.29',
178 silly addNameRange     '1.3.20',
178 silly addNameRange     '1.4.7',
178 silly addNameRange     '1.5.0-beta.2',
178 silly addNameRange     '1.4.8',
178 silly addNameRange     '1.5.0-rc.0',
178 silly addNameRange     '1.5.0-rc.1',
178 silly addNameRange     '1.4.9',
178 silly addNameRange     '1.5.0-rc.2',
178 silly addNameRange     '1.5.0',
178 silly addNameRange     '1.5.1',
178 silly addNameRange     '1.4.10',
178 silly addNameRange     '1.5.2',
178 silly addNameRange     '1.5.3',
178 silly addNameRange     '1.5.5',
178 silly addNameRange     '1.4.11',
178 silly addNameRange     '1.5.6',
178 silly addNameRange     '1.4.12',
178 silly addNameRange     '1.5.7',
178 silly addNameRange     '1.2.30',
178 silly addNameRange     '1.5.8',
178 silly addNameRange     '1.4.13',
178 silly addNameRange     '1.2.31',
178 silly addNameRange     '1.2.32',
178 silly addNameRange     '1.4.14',
178 silly addNameRange     '1.6.0-rc.0',
178 silly addNameRange     '1.6.0-rc.1',
178 silly addNameRange     '1.5.9',
178 silly addNameRange     '1.6.0-rc.2',
178 silly addNameRange     '1.6.0',
178 silly addNameRange     '1.5.10',
178 silly addNameRange     '1.6.1',
178 silly addNameRange     '1.5.11',
178 silly addNameRange     '1.6.2',
178 silly addNameRange     '1.6.3',
178 silly addNameRange     '1.6.4' ] ]
179 silly addNamed angular-cookies@1.6.4
180 verbose addNamed "1.6.4" is a plain semver version for angular-cookies
181 silly mapToRegistry name angular-cookies
182 silly mapToRegistry using default registry
183 silly mapToRegistry registry https://registry.npmjs.org/
184 silly mapToRegistry uri https://registry.npmjs.org/angular-cookies
185 verbose addRemoteTarball https://registry.npmjs.org/angular-cookies/-/angular-cookies-1.6.4.tgz not in flight; adding
186 verbose addRemoteTarball [ 'https://registry.npmjs.org/angular-cookies/-/angular-cookies-1.6.4.tgz',
186 verbose addRemoteTarball   'c28f3f6aac7a9826c1e45f1d6807240036e5b26d' ]
187 info retry fetch attempt 1 at 11:30:22
188 info attempt registry request try #1 at 11:30:22
189 http fetch GET https://registry.npmjs.org/angular-cookies/-/angular-cookies-1.6.4.tgz
190 http fetch 200 https://registry.npmjs.org/angular-cookies/-/angular-cookies-1.6.4.tgz
191 silly fetchAndShaCheck shasum c28f3f6aac7a9826c1e45f1d6807240036e5b26d
192 verbose addTmpTarball d:\Profiles\JMCUAR~1\AppData\Local\Temp\npm-9656-63d8012f\registry.npmjs.org\angular-cookies\-\angular-cookies-1.6.4.tgz not in flight; adding
193 verbose addTmpTarball already have metadata; skipping unpack for angular-cookies@1.6.4
194 silly cache afterAdd angular-cookies@1.6.4
195 verbose afterAdd d:\Profiles\jmcuartas\AppData\Roaming\npm-cache\angular-cookies\1.6.4\package\package.json not in flight; writing
196 verbose afterAdd d:\Profiles\jmcuartas\AppData\Roaming\npm-cache\angular-cookies\1.6.4\package\package.json written
197 silly install resolved [ { name: 'angular-cookies',
197 silly install resolved     version: '1.6.4',
197 silly install resolved     description: 'AngularJS module for cookies',
197 silly install resolved     main: 'index.js',
197 silly install resolved     scripts: { test: 'echo "Error: no test specified" && exit 1' },
197 silly install resolved     repository:
197 silly install resolved      { type: 'git',
197 silly install resolved        url: 'git+https://github.com/angular/angular.js.git' },
197 silly install resolved     keywords: [ 'angular', 'framework', 'browser', 'cookies', 'client-side' ],
197 silly install resolved     author:
197 silly install resolved      { name: 'Angular Core Team',
197 silly install resolved        email: 'angular-core+npm@google.com' },
197 silly install resolved     license: 'MIT',
197 silly install resolved     bugs: { url: 'https://github.com/angular/angular.js/issues' },
197 silly install resolved     homepage: 'http://angularjs.org',
197 silly install resolved     jspm: { shim: [Object] },
197 silly install resolved     gitHead: '62006f295af81a066be66f98408d0e5fcfb645ce',
197 silly install resolved     _id: 'angular-cookies@1.6.4',
197 silly install resolved     _shasum: 'c28f3f6aac7a9826c1e45f1d6807240036e5b26d',
197 silly install resolved     _from: 'angular-cookies@>=1.2.26 <1.7.0',
197 silly install resolved     _npmVersion: '3.10.10',
197 silly install resolved     _nodeVersion: '6.10.1',
197 silly install resolved     _npmUser: { name: 'angularcore', email: 'angular-core+npm@google.com' },
197 silly install resolved     dist:
197 silly install resolved      { shasum: 'c28f3f6aac7a9826c1e45f1d6807240036e5b26d',
197 silly install resolved        tarball: 'https://registry.npmjs.org/angular-cookies/-/angular-cookies-1.6.4.tgz' },
197 silly install resolved     maintainers: [ [Object], [Object] ],
197 silly install resolved     _npmOperationalInternal:
197 silly install resolved      { host: 'packages-18-east.internal.npmjs.com',
197 silly install resolved        tmp: 'tmp/angular-cookies-1.6.4.tgz_1490952744758_0.9956264875363559' },
197 silly install resolved     directories: {},
197 silly install resolved     _resolved: 'https://registry.npmjs.org/angular-cookies/-/angular-cookies-1.6.4.tgz' } ]
198 info install angular-cookies@1.6.4 into D:\Ionic\MisNotas\node_modules\angular-translate-storage-local\node_modules\angular-translate-storage-cookie
199 info installOne angular-cookies@1.6.4
200 verbose installOne of angular-cookies to D:\Ionic\MisNotas\node_modules\angular-translate-storage-local\node_modules\angular-translate-storage-cookie not in flight; installing
201 verbose lock using d:\Profiles\jmcuartas\AppData\Roaming\npm-cache\_locks\angular-cookies-b330f36e9e66f937.lock for D:\Ionic\MisNotas\node_modules\angular-translate-storage-local\node_modules\angular-translate-storage-cookie\node_modules\angular-cookies
202 silly install write writing angular-cookies 1.6.4 to D:\Ionic\MisNotas\node_modules\angular-translate-storage-local\node_modules\angular-translate-storage-cookie\node_modules\angular-cookies
203 verbose unbuild node_modules\angular-translate-storage-local\node_modules\angular-translate-storage-cookie\node_modules\angular-cookies
204 silly gentlyRm D:\Ionic\MisNotas\node_modules\angular-translate-storage-local\node_modules\angular-translate-storage-cookie\node_modules\angular-cookies is being purged from base D:\Ionic\MisNotas
205 verbose gentlyRm don't care about contents; nuking D:\Ionic\MisNotas\node_modules\angular-translate-storage-local\node_modules\angular-translate-storage-cookie\node_modules\angular-cookies
206 verbose tar unpack d:\Profiles\jmcuartas\AppData\Roaming\npm-cache\angular-cookies\1.6.4\package.tgz
207 verbose tar unpacking to D:\Ionic\MisNotas\node_modules\angular-translate-storage-local\node_modules\angular-translate-storage-cookie\node_modules\angular-cookies
208 silly gentlyRm D:\Ionic\MisNotas\node_modules\angular-translate-storage-local\node_modules\angular-translate-storage-cookie\node_modules\angular-cookies is being purged
209 verbose gentlyRm don't care about contents; nuking D:\Ionic\MisNotas\node_modules\angular-translate-storage-local\node_modules\angular-translate-storage-cookie\node_modules\angular-cookies
210 silly gunzTarPerm modes [ '777', '666' ]
211 silly gunzTarPerm extractEntry package.json
212 silly gunzTarPerm modified mode [ 'package.json', 420, 438 ]
213 silly gunzTarPerm extractEntry README.md
214 silly gunzTarPerm modified mode [ 'README.md', 420, 438 ]
215 silly gunzTarPerm extractEntry angular-cookies.js
216 silly gunzTarPerm modified mode [ 'angular-cookies.js', 420, 438 ]
217 silly gunzTarPerm extractEntry angular-cookies.min.js
218 silly gunzTarPerm modified mode [ 'angular-cookies.min.js', 420, 438 ]
219 silly gunzTarPerm extractEntry index.js
220 silly gunzTarPerm modified mode [ 'index.js', 420, 438 ]
221 silly gunzTarPerm extractEntry LICENSE.md
222 silly gunzTarPerm modified mode [ 'LICENSE.md', 420, 438 ]
223 silly gunzTarPerm extractEntry angular-cookies.min.js.map
224 silly gunzTarPerm modified mode [ 'angular-cookies.min.js.map', 420, 438 ]
225 silly gunzTarPerm extractEntry bower.json
226 silly gunzTarPerm modified mode [ 'bower.json', 420, 438 ]
227 verbose write writing to D:\Ionic\MisNotas\node_modules\angular-translate-storage-local\node_modules\angular-translate-storage-cookie\node_modules\angular-cookies\package.json
228 info preinstall angular-cookies@1.6.4
229 verbose readDependencies loading dependencies from D:\Ionic\MisNotas\node_modules\angular-translate-storage-local\node_modules\angular-translate-storage-cookie\node_modules\angular-cookies\package.json
230 verbose readDependencies loading dependencies from D:\Ionic\MisNotas\node_modules\angular-translate-storage-local\node_modules\angular-translate-storage-cookie\node_modules\angular-cookies\package.json
231 silly install resolved []
232 verbose about to build D:\Ionic\MisNotas\node_modules\angular-translate-storage-local\node_modules\angular-translate-storage-cookie\node_modules\angular-cookies
233 info build D:\Ionic\MisNotas\node_modules\angular-translate-storage-local\node_modules\angular-translate-storage-cookie\node_modules\angular-cookies
234 info linkStuff angular-cookies@1.6.4
235 silly linkStuff angular-cookies@1.6.4 has D:\Ionic\MisNotas\node_modules\angular-translate-storage-local\node_modules\angular-translate-storage-cookie\node_modules as its parent node_modules
236 verbose linkBins angular-cookies@1.6.4
237 verbose linkMans angular-cookies@1.6.4
238 verbose rebuildBundles angular-cookies@1.6.4
239 info install angular-cookies@1.6.4
240 info postinstall angular-cookies@1.6.4
241 verbose unlock done using d:\Profiles\jmcuartas\AppData\Roaming\npm-cache\_locks\angular-cookies-b330f36e9e66f937.lock for D:\Ionic\MisNotas\node_modules\angular-translate-storage-local\node_modules\angular-translate-storage-cookie\node_modules\angular-cookies
242 verbose about to build D:\Ionic\MisNotas\node_modules\angular-translate-storage-local\node_modules\angular-translate-storage-cookie
243 info build D:\Ionic\MisNotas\node_modules\angular-translate-storage-local\node_modules\angular-translate-storage-cookie
244 info linkStuff angular-translate-storage-cookie@2.15.1
245 silly linkStuff angular-translate-storage-cookie@2.15.1 has D:\Ionic\MisNotas\node_modules\angular-translate-storage-local\node_modules as its parent node_modules
246 verbose linkBins angular-translate-storage-cookie@2.15.1
247 verbose linkMans angular-translate-storage-cookie@2.15.1
248 verbose rebuildBundles angular-translate-storage-cookie@2.15.1
249 verbose rebuildBundles [ 'angular-cookies' ]
250 info install angular-translate-storage-cookie@2.15.1
251 info postinstall angular-translate-storage-cookie@2.15.1
252 verbose unlock done using d:\Profiles\jmcuartas\AppData\Roaming\npm-cache\_locks\angular-translate-storag-72914d65c8ae99f6.lock for D:\Ionic\MisNotas\node_modules\angular-translate-storage-local\node_modules\angular-translate-storage-cookie
253 verbose about to build D:\Ionic\MisNotas\node_modules\angular-translate-storage-local
254 info build D:\Ionic\MisNotas\node_modules\angular-translate-storage-local
255 info linkStuff angular-translate-storage-local@2.15.1
256 silly linkStuff angular-translate-storage-local@2.15.1 has D:\Ionic\MisNotas\node_modules as its parent node_modules
257 verbose linkBins angular-translate-storage-local@2.15.1
258 verbose linkMans angular-translate-storage-local@2.15.1
259 verbose rebuildBundles angular-translate-storage-local@2.15.1
260 verbose rebuildBundles [ 'angular-translate-storage-cookie' ]
261 info install angular-translate-storage-local@2.15.1
262 info postinstall angular-translate-storage-local@2.15.1
263 verbose unlock done using d:\Profiles\jmcuartas\AppData\Roaming\npm-cache\_locks\angular-translate-storag-6ba29cccb3a55606.lock for D:\Ionic\MisNotas\node_modules\angular-translate-storage-local
264 verbose validateInstall loading D:\Ionic\MisNotas\package.json for validation
265 warn unmet dependency D:\Ionic\MisNotas\node_modules\gulp\node_modules\vinyl-fs\node_modules\mkdirp requires minimist@'0.0.8' but will load
265 warn unmet dependency D:\Ionic\MisNotas\node_modules\gulp\node_modules\minimist,
265 warn unmet dependency which is version 1.2.0
266 warn unmet dependency D:\Ionic\MisNotas\node_modules\ng-storage\node_modules\grunt\node_modules\findup-sync requires glob@'~3.2.9' but will load
266 warn unmet dependency D:\Ionic\MisNotas\node_modules\ng-storage\node_modules\grunt\node_modules\glob,
266 warn unmet dependency which is version 3.1.21
267 warn unmet dependency D:\Ionic\MisNotas\node_modules\ng-storage\node_modules\grunt\node_modules\findup-sync requires lodash@'~2.4.1' but will load
267 warn unmet dependency D:\Ionic\MisNotas\node_modules\ng-storage\node_modules\grunt\node_modules\lodash,
267 warn unmet dependency which is version 0.9.2
268 warn unmet dependency D:\Ionic\MisNotas\node_modules\ng-storage\node_modules\grunt\node_modules\grunt-legacy-log requires lodash@'~2.4.1' but will load
268 warn unmet dependency D:\Ionic\MisNotas\node_modules\ng-storage\node_modules\grunt\node_modules\lodash,
268 warn unmet dependency which is version 0.9.2
269 warn unmet dependency D:\Ionic\MisNotas\node_modules\ng-storage\node_modules\grunt\node_modules\grunt-legacy-log requires underscore.string@'~2.3.3' but will load
269 warn unmet dependency D:\Ionic\MisNotas\node_modules\ng-storage\node_modules\grunt\node_modules\underscore.string,
269 warn unmet dependency which is version 2.2.1
270 verbose stack Error: The package karma@0.10.10 does not satisfy its siblings' peerDependencies requirements!
270 verbose stack     at C:\Program Files\nodejs\node_modules\npm\lib\install.js:125:32
270 verbose stack     at C:\Program Files\nodejs\node_modules\npm\lib\install.js:268:7
270 verbose stack     at C:\Program Files\nodejs\node_modules\npm\node_modules\read-installed\read-installed.js:142:5
270 verbose stack     at C:\Program Files\nodejs\node_modules\npm\node_modules\read-installed\read-installed.js:263:14
270 verbose stack     at cb (C:\Program Files\nodejs\node_modules\npm\node_modules\slide\lib\async-map.js:47:24)
270 verbose stack     at C:\Program Files\nodejs\node_modules\npm\node_modules\read-installed\read-installed.js:263:14
270 verbose stack     at cb (C:\Program Files\nodejs\node_modules\npm\node_modules\slide\lib\async-map.js:47:24)
270 verbose stack     at C:\Program Files\nodejs\node_modules\npm\node_modules\read-installed\read-installed.js:263:14
270 verbose stack     at cb (C:\Program Files\nodejs\node_modules\npm\node_modules\slide\lib\async-map.js:47:24)
270 verbose stack     at C:\Program Files\nodejs\node_modules\npm\node_modules\read-installed\read-installed.js:263:14
271 verbose cwd D:\Ionic\MisNotas
272 error Windows_NT 6.1.7601
273 error argv "C:\\Program Files\\nodejs\\node.exe" "C:\\Program Files\\nodejs\\node_modules\\npm\\bin\\npm-cli.js" "install" "angular-translate-storage-local"
274 error node v4.2.6
275 error npm  v2.14.12
276 error code EPEERINVALID
277 error peerinvalid The package karma@0.10.10 does not satisfy its siblings' peerDependencies requirements!
277 error peerinvalid Peer grunt-karma@0.7.3 wants karma@~0.12.0
277 error peerinvalid Peer karma-html2js-preprocessor@0.1.0 wants karma@>=0.9
277 error peerinvalid Peer karma-coffee-preprocessor@0.1.3 wants karma@>=0.9
277 error peerinvalid Peer karma-mocha@0.1.10 wants karma@>=0.12.8
277 error peerinvalid Peer karma-script-launcher@0.1.0 wants karma@>=0.9
277 error peerinvalid Peer karma-phantomjs-launcher@0.1.4 wants karma@>=0.9
277 error peerinvalid Peer karma-jasmine@0.1.6 wants karma@>=0.9
277 error peerinvalid Peer karma-requirejs@0.2.6 wants karma@>=0.9
278 verbose exit [ 1, true ]
